2018-01-20 00:17:31,449 ERROR [main] - Statistics - Statistics file `/home/raul/.scalaide/statistics` is corrupted. A new one is being created. Corrupted content was:

com.cedarsoftware.util.io.JsonIoException: error parsing JSON value
	at com.cedarsoftware.util.io.JsonReader.readObject(JsonReader.java:529)
	at com.cedarsoftware.util.io.JsonReader.jsonToJava(JsonReader.java:289)
	at com.cedarsoftware.util.io.JsonReader.jsonToJava(JsonReader.java:262)
	at org.scalaide.core.internal.statistics.Statistics.read(Statistics.scala:74)
	at org.scalaide.core.internal.statistics.Statistics.$anonfun$readStats$1(Statistics.scala:52)
	at org.scalaide.core.internal.statistics.Statistics.$anonfun$readStats$1$adapted(Statistics.scala:51)
	at org.scalaide.core.ScalaIdeDataStore$.$anonfun$validate$2(ScalaIdeDataStore.scala:59)
	at org.scalaide.util.eclipse.EclipseUtils$$anon$3.run(EclipseUtils.scala:230)
	at org.eclipse.core.runtime.SafeRunner.run(SafeRunner.java:42)
	at org.scalaide.util.eclipse.EclipseUtils$.withSafeRunner(EclipseUtils.scala:226)
	at org.scalaide.core.ScalaIdeDataStore$.validate(ScalaIdeDataStore.scala:59)
	at org.scalaide.core.internal.statistics.Statistics.readStats(Statistics.scala:51)
	at org.scalaide.core.internal.statistics.Statistics.<init>(Statistics.scala:30)
	at org.scalaide.core.internal.ScalaPlugin.stats$lzycompute(ScalaPlugin.scala:135)
	at org.scalaide.core.internal.ScalaPlugin.stats(ScalaPlugin.scala:135)
	at org.scalaide.core.internal.ScalaPlugin.statistics(ScalaPlugin.scala:138)
	at org.scalaide.core.internal.ScalaPlugin.start(ScalaPlugin.scala:109)
	at org.eclipse.osgi.internal.framework.BundleContextImpl$3.run(BundleContextImpl.java:779)
	at org.eclipse.osgi.internal.framework.BundleContextImpl$3.run(BundleContextImpl.java:1)
	at java.security.AccessController.doPrivileged(Native Method)
	at org.eclipse.osgi.internal.framework.BundleContextImpl.startActivator(BundleContextImpl.java:772)
	at org.eclipse.osgi.internal.framework.BundleContextImpl.start(BundleContextImpl.java:729)
	at org.eclipse.osgi.internal.framework.EquinoxBundle.startWorker0(EquinoxBundle.java:933)
	at org.eclipse.osgi.internal.framework.EquinoxBundle$EquinoxModule.startWorker(EquinoxBundle.java:309)
	at org.eclipse.osgi.container.Module.doStart(Module.java:581)
	at org.eclipse.osgi.container.Module.start(Module.java:449)
	at org.eclipse.osgi.framework.util.SecureAction.start(SecureAction.java:468)
	at org.eclipse.osgi.internal.hooks.EclipseLazyStarter.postFindLocalClass(EclipseLazyStarter.java:103)
	at org.eclipse.osgi.internal.loader.classpath.ClasspathManager.findLocalClass(ClasspathManager.java:529)
	at org.eclipse.osgi.internal.loader.ModuleClassLoader.findLocalClass(ModuleClassLoader.java:328)
	at org.eclipse.osgi.internal.loader.BundleLoader.findLocalClass(BundleLoader.java:368)
	at org.eclipse.osgi.internal.loader.BundleLoader.findClassInternal(BundleLoader.java:446)
	at org.eclipse.osgi.internal.loader.BundleLoader.findClass(BundleLoader.java:395)
	at org.eclipse.osgi.internal.loader.BundleLoader.findClass(BundleLoader.java:387)
	at org.eclipse.osgi.internal.loader.ModuleClassLoader.loadClass(ModuleClassLoader.java:150)
	at java.lang.ClassLoader.loadClass(ClassLoader.java:357)
	at org.eclipse.osgi.internal.framework.EquinoxBundle.loadClass(EquinoxBundle.java:564)
	at org.eclipse.core.internal.registry.osgi.RegistryStrategyOSGI.createExecutableExtension(RegistryStrategyOSGI.java:174)
	at org.eclipse.core.internal.registry.ExtensionRegistry.createExecutableExtension(ExtensionRegistry.java:905)
	at org.eclipse.core.internal.registry.ConfigurationElement.createExecutableExtension(ConfigurationElement.java:243)
	at org.eclipse.core.internal.registry.ConfigurationElementHandle.createExecutableExtension(ConfigurationElementHandle.java:55)
	at org.eclipse.ui.internal.registry.PerspectiveDescriptor.createFactory(PerspectiveDescriptor.java:75)
	at org.eclipse.ui.internal.WorkbenchPage.createPerspective(WorkbenchPage.java:4172)
	at org.eclipse.ui.internal.WorkbenchPage.setPerspective(WorkbenchPage.java:4081)
	at org.eclipse.ui.internal.WorkbenchWindow.setup(WorkbenchWindow.java:744)
	at sun.reflect.NativeMethodAccessorImpl.invoke0(Native Method)
	at sun.reflect.NativeMethodAccessorImpl.invoke(NativeMethodAccessorImpl.java:62)
	at sun.reflect.DelegatingMethodAccessorImpl.invoke(DelegatingMethodAccessorImpl.java:43)
	at java.lang.reflect.Method.invoke(Method.java:498)
	at org.eclipse.e4.core.internal.di.MethodRequestor.execute(MethodRequestor.java:55)
	at org.eclipse.e4.core.internal.di.InjectorImpl.processAnnotated(InjectorImpl.java:990)
	at org.eclipse.e4.core.internal.di.InjectorImpl.inject(InjectorImpl.java:124)
	at org.eclipse.e4.core.internal.di.InjectorImpl.inject(InjectorImpl.java:91)
	at org.eclipse.e4.core.contexts.ContextInjectionFactory.inject(ContextInjectionFactory.java:73)
	at org.eclipse.ui.internal.Workbench.createWorkbenchWindow(Workbench.java:1494)
	at org.eclipse.ui.internal.Workbench.getActiveWorkbenchWindow(Workbench.java:1468)
	at org.eclipse.ui.internal.services.WorkbenchSourceProvider.updateActiveShell(WorkbenchSourceProvider.java:907)
	at org.eclipse.ui.internal.services.WorkbenchSourceProvider.getCurrentState(WorkbenchSourceProvider.java:115)
	at org.eclipse.ui.internal.services.WorkbenchSourceProvider.lambda$2(WorkbenchSourceProvider.java:668)
	at org.eclipse.swt.widgets.EventTable.sendEvent(EventTable.java:86)
	at org.eclipse.swt.widgets.Display.filterEvent(Display.java:1577)
	at org.eclipse.swt.widgets.Widget.sendEvent(Widget.java:1347)
	at org.eclipse.swt.widgets.Widget.sendEvent(Widget.java:1374)
	at org.eclipse.swt.widgets.Widget.sendEvent(Widget.java:1353)
	at org.eclipse.swt.widgets.Shell.gtk_focus_in_event(Shell.java:1399)
	at org.eclipse.swt.widgets.Widget.windowProc(Widget.java:1974)
	at org.eclipse.swt.widgets.Control.windowProc(Control.java:6169)
	at org.eclipse.swt.widgets.Display.windowProc(Display.java:5528)
	at org.eclipse.swt.internal.gtk.OS._gtk_main_do_event(Native Method)
	at org.eclipse.swt.internal.gtk.OS.gtk_main_do_event(OS.java:9253)
	at org.eclipse.swt.widgets.Display.eventProc(Display.java:1252)
	at org.eclipse.swt.internal.gtk.OS._g_main_context_iteration(Native Method)
	at org.eclipse.swt.internal.gtk.OS.g_main_context_iteration(OS.java:2112)
	at org.eclipse.swt.widgets.Display.readAndDispatch(Display.java:4105)
	at org.eclipse.e4.ui.internal.workbench.swt.PartRenderingEngine$5.run(PartRenderingEngine.java:1150)
	at org.eclipse.core.databinding.observable.Realm.runWithDefault(Realm.java:336)
	at org.eclipse.e4.ui.internal.workbench.swt.PartRenderingEngine.run(PartRenderingEngine.java:1039)
	at org.eclipse.e4.ui.internal.workbench.E4Workbench.createAndRunUI(E4Workbench.java:153)
	at org.eclipse.ui.internal.Workbench.lambda$3(Workbench.java:680)
	at org.eclipse.core.databinding.observable.Realm.runWithDefault(Realm.java:336)
	at org.eclipse.ui.internal.Workbench.createAndRunWorkbench(Workbench.java:594)
	at org.eclipse.ui.PlatformUI.createAndRunWorkbench(PlatformUI.java:148)
	at org.eclipse.ui.internal.ide.application.IDEApplication.start(IDEApplication.java:151)
	at org.eclipse.equinox.internal.app.EclipseAppHandle.run(EclipseAppHandle.java:196)
	at org.eclipse.core.runtime.internal.adaptor.EclipseAppLauncher.runApplication(EclipseAppLauncher.java:134)
	at org.eclipse.core.runtime.internal.adaptor.EclipseAppLauncher.start(EclipseAppLauncher.java:104)
	at org.eclipse.core.runtime.adaptor.EclipseStarter.run(EclipseStarter.java:388)
	at org.eclipse.core.runtime.adaptor.EclipseStarter.run(EclipseStarter.java:243)
	at sun.reflect.NativeMethodAccessorImpl.invoke0(Native Method)
	at sun.reflect.NativeMethodAccessorImpl.invoke(NativeMethodAccessorImpl.java:62)
	at sun.reflect.DelegatingMethodAccessorImpl.invoke(DelegatingMethodAccessorImpl.java:43)
	at java.lang.reflect.Method.invoke(Method.java:498)
	at org.eclipse.equinox.launcher.Main.invokeFramework(Main.java:653)
	at org.eclipse.equinox.launcher.Main.basicRun(Main.java:590)
	at org.eclipse.equinox.launcher.Main.run(Main.java:1499)
	at org.eclipse.equinox.launcher.Main.main(Main.java:1472)
Caused by: com.cedarsoftware.util.io.JsonIoException: EOF reached prematurely
	at com.cedarsoftware.util.io.JsonParser.error(JsonParser.java:584)
	at com.cedarsoftware.util.io.JsonParser.readValue(JsonParser.java:278)
	at com.cedarsoftware.util.io.JsonReader.readObject(JsonReader.java:521)
	... 95 more
2018-01-20 00:17:57,120  WARN [ModalContext] - ScalaProject - Project LearningScala has platform default sourceLevel.
2018-01-20 00:17:57,144  WARN [ModalContext] - ScalaProject - Project LearningScala runs on platform default installation.
2018-01-20 00:17:58,279  WARN [Worker-4] - ScalaProject - Project LearningScala has platform default sourceLevel.
2018-01-20 00:17:58,279  WARN [Worker-4] - ScalaProject - Project LearningScala runs on platform default installation.
2018-01-20 00:19:31,922  WARN [Worker-4] - ScalaProject - Project LearningScala has platform default sourceLevel.
2018-01-20 00:19:31,922  WARN [Worker-4] - ScalaProject - Project LearningScala runs on platform default installation.
2018-01-20 00:19:41,359  WARN [org.eclipse.jface.text.reconciler.MonoReconciler] - ScalaProject - Project LearningScala has platform default sourceLevel.
2018-01-20 00:19:41,359  WARN [org.eclipse.jface.text.reconciler.MonoReconciler] - ScalaProject - Project LearningScala runs on platform default installation.
2018-01-20 00:22:02,093  WARN [Worker-2] - ScalaProject - Project LearningScala has platform default sourceLevel.
2018-01-20 00:22:02,093  WARN [Worker-2] - ScalaProject - Project LearningScala runs on platform default installation.
2018-01-20 00:27:48,925  WARN [Worker-3] - ScalaProject - Project LearningScala has platform default sourceLevel.
2018-01-20 00:27:48,925  WARN [Worker-3] - ScalaProject - Project LearningScala runs on platform default installation.
2018-01-20 00:27:52,031  WARN [Worker-7] - ScalaProject - Project LearningScala has platform default sourceLevel.
2018-01-20 00:27:52,031  WARN [Worker-7] - ScalaProject - Project LearningScala runs on platform default installation.
2018-01-20 00:45:28,160  WARN [Worker-8] - ScalaProject - Project LearningScala has platform default sourceLevel.
2018-01-20 00:45:28,160  WARN [Worker-8] - ScalaProject - Project LearningScala runs on platform default installation.
2018-01-20 00:45:30,019  WARN [Worker-8] - ScalaProject - Project LearningScala has platform default sourceLevel.
2018-01-20 00:45:30,019  WARN [Worker-8] - ScalaProject - Project LearningScala runs on platform default installation.
2018-01-21 21:53:08,535 ERROR [main] - Statistics - Statistics file `/home/raul/.scalaide/statistics` is corrupted. A new one is being created. Corrupted content was:

com.cedarsoftware.util.io.JsonIoException: error parsing JSON value
	at com.cedarsoftware.util.io.JsonReader.readObject(JsonReader.java:529)
	at com.cedarsoftware.util.io.JsonReader.jsonToJava(JsonReader.java:289)
	at com.cedarsoftware.util.io.JsonReader.jsonToJava(JsonReader.java:262)
	at org.scalaide.core.internal.statistics.Statistics.read(Statistics.scala:74)
	at org.scalaide.core.internal.statistics.Statistics.$anonfun$readStats$1(Statistics.scala:52)
	at org.scalaide.core.internal.statistics.Statistics.$anonfun$readStats$1$adapted(Statistics.scala:51)
	at org.scalaide.core.ScalaIdeDataStore$.$anonfun$validate$2(ScalaIdeDataStore.scala:59)
	at org.scalaide.util.eclipse.EclipseUtils$$anon$3.run(EclipseUtils.scala:230)
	at org.eclipse.core.runtime.SafeRunner.run(SafeRunner.java:42)
	at org.scalaide.util.eclipse.EclipseUtils$.withSafeRunner(EclipseUtils.scala:226)
	at org.scalaide.core.ScalaIdeDataStore$.validate(ScalaIdeDataStore.scala:59)
	at org.scalaide.core.internal.statistics.Statistics.readStats(Statistics.scala:51)
	at org.scalaide.core.internal.statistics.Statistics.<init>(Statistics.scala:30)
	at org.scalaide.core.internal.ScalaPlugin.stats$lzycompute(ScalaPlugin.scala:135)
	at org.scalaide.core.internal.ScalaPlugin.stats(ScalaPlugin.scala:135)
	at org.scalaide.core.internal.ScalaPlugin.statistics(ScalaPlugin.scala:138)
	at org.scalaide.core.internal.ScalaPlugin.start(ScalaPlugin.scala:109)
	at org.eclipse.osgi.internal.framework.BundleContextImpl$3.run(BundleContextImpl.java:779)
	at org.eclipse.osgi.internal.framework.BundleContextImpl$3.run(BundleContextImpl.java:1)
	at java.security.AccessController.doPrivileged(Native Method)
	at org.eclipse.osgi.internal.framework.BundleContextImpl.startActivator(BundleContextImpl.java:772)
	at org.eclipse.osgi.internal.framework.BundleContextImpl.start(BundleContextImpl.java:729)
	at org.eclipse.osgi.internal.framework.EquinoxBundle.startWorker0(EquinoxBundle.java:933)
	at org.eclipse.osgi.internal.framework.EquinoxBundle$EquinoxModule.startWorker(EquinoxBundle.java:309)
	at org.eclipse.osgi.container.Module.doStart(Module.java:581)
	at org.eclipse.osgi.container.Module.start(Module.java:449)
	at org.eclipse.osgi.framework.util.SecureAction.start(SecureAction.java:468)
	at org.eclipse.osgi.internal.hooks.EclipseLazyStarter.postFindLocalClass(EclipseLazyStarter.java:103)
	at org.eclipse.osgi.internal.loader.classpath.ClasspathManager.findLocalClass(ClasspathManager.java:529)
	at org.eclipse.osgi.internal.loader.ModuleClassLoader.findLocalClass(ModuleClassLoader.java:328)
	at org.eclipse.osgi.internal.loader.BundleLoader.findLocalClass(BundleLoader.java:368)
	at org.eclipse.osgi.internal.loader.BundleLoader.findClassInternal(BundleLoader.java:446)
	at org.eclipse.osgi.internal.loader.BundleLoader.findClass(BundleLoader.java:395)
	at org.eclipse.osgi.internal.loader.BundleLoader.findClass(BundleLoader.java:387)
	at org.eclipse.osgi.internal.loader.ModuleClassLoader.loadClass(ModuleClassLoader.java:150)
	at java.lang.ClassLoader.loadClass(ClassLoader.java:357)
	at org.eclipse.osgi.internal.framework.EquinoxBundle.loadClass(EquinoxBundle.java:564)
	at org.eclipse.core.internal.registry.osgi.RegistryStrategyOSGI.createExecutableExtension(RegistryStrategyOSGI.java:174)
	at org.eclipse.core.internal.registry.ExtensionRegistry.createExecutableExtension(ExtensionRegistry.java:905)
	at org.eclipse.core.internal.registry.ConfigurationElement.createExecutableExtension(ConfigurationElement.java:243)
	at org.eclipse.core.internal.registry.ConfigurationElementHandle.createExecutableExtension(ConfigurationElementHandle.java:55)
	at org.eclipse.jdt.internal.ui.filters.FilterDescriptor$1.run(FilterDescriptor.java:135)
	at org.eclipse.core.runtime.SafeRunner.run(SafeRunner.java:42)
	at org.eclipse.jdt.internal.ui.filters.FilterDescriptor.createViewerFilter(FilterDescriptor.java:139)
	at org.eclipse.jdt.ui.actions.CustomFiltersActionGroup$FilterItem.getFilterInstance(CustomFiltersActionGroup.java:187)
	at org.eclipse.jdt.ui.actions.CustomFiltersActionGroup.updateViewerFilters(CustomFiltersActionGroup.java:517)
	at org.eclipse.jdt.ui.actions.CustomFiltersActionGroup.<init>(CustomFiltersActionGroup.java:275)
	at org.eclipse.jdt.ui.actions.CustomFiltersActionGroup.<init>(CustomFiltersActionGroup.java:241)
	at org.eclipse.jdt.internal.ui.packageview.PackageExplorerActionGroup.<init>(PackageExplorerActionGroup.java:149)
	at org.eclipse.jdt.internal.ui.packageview.PackageExplorerPart.makeActions(PackageExplorerPart.java:800)
	at org.eclipse.jdt.internal.ui.packageview.PackageExplorerPart.createPartControl(PackageExplorerPart.java:506)
	at org.eclipse.ui.internal.e4.compatibility.CompatibilityPart.createPartControl(CompatibilityPart.java:151)
	at org.eclipse.ui.internal.e4.compatibility.CompatibilityView.createPartControl(CompatibilityView.java:147)
	at org.eclipse.ui.internal.e4.compatibility.CompatibilityPart.create(CompatibilityPart.java:355)
	at sun.reflect.NativeMethodAccessorImpl.invoke0(Native Method)
	at sun.reflect.NativeMethodAccessorImpl.invoke(NativeMethodAccessorImpl.java:62)
	at sun.reflect.DelegatingMethodAccessorImpl.invoke(DelegatingMethodAccessorImpl.java:43)
	at java.lang.reflect.Method.invoke(Method.java:498)
	at org.eclipse.e4.core.internal.di.MethodRequestor.execute(MethodRequestor.java:55)
	at org.eclipse.e4.core.internal.di.InjectorImpl.processAnnotated(InjectorImpl.java:990)
	at org.eclipse.e4.core.internal.di.InjectorImpl.processAnnotated(InjectorImpl.java:955)
	at org.eclipse.e4.core.internal.di.InjectorImpl.inject(InjectorImpl.java:124)
	at org.eclipse.e4.core.internal.di.InjectorImpl.internalMake(InjectorImpl.java:399)
	at org.eclipse.e4.core.internal.di.InjectorImpl.make(InjectorImpl.java:318)
	at org.eclipse.e4.core.contexts.ContextInjectionFactory.make(ContextInjectionFactory.java:162)
	at org.eclipse.e4.ui.internal.workbench.ReflectionContributionFactory.createFromBundle(ReflectionContributionFactory.java:105)
	at org.eclipse.e4.ui.internal.workbench.ReflectionContributionFactory.doCreate(ReflectionContributionFactory.java:74)
	at org.eclipse.e4.ui.internal.workbench.ReflectionContributionFactory.create(ReflectionContributionFactory.java:56)
	at org.eclipse.e4.ui.workbench.renderers.swt.ContributedPartRenderer.createWidget(ContributedPartRenderer.java:129)
	at org.eclipse.e4.ui.internal.workbench.swt.PartRenderingEngine.createWidget(PartRenderingEngine.java:992)
	at org.eclipse.e4.ui.internal.workbench.swt.PartRenderingEngine.safeCreateGui(PartRenderingEngine.java:661)
	at org.eclipse.e4.ui.internal.workbench.swt.PartRenderingEngine$1.run(PartRenderingEngine.java:546)
	at org.eclipse.core.runtime.SafeRunner.run(SafeRunner.java:42)
	at org.eclipse.e4.ui.internal.workbench.swt.PartRenderingEngine.createGui(PartRenderingEngine.java:530)
	at org.eclipse.e4.ui.workbench.renderers.swt.ElementReferenceRenderer.createWidget(ElementReferenceRenderer.java:70)
	at org.eclipse.e4.ui.internal.workbench.swt.PartRenderingEngine.createWidget(PartRenderingEngine.java:992)
	at org.eclipse.e4.ui.internal.workbench.swt.PartRenderingEngine.safeCreateGui(PartRenderingEngine.java:661)
	at org.eclipse.e4.ui.internal.workbench.swt.PartRenderingEngine.safeCreateGui(PartRenderingEngine.java:767)
	at org.eclipse.e4.ui.internal.workbench.swt.PartRenderingEngine.access$0(PartRenderingEngine.java:738)
	at org.eclipse.e4.ui.internal.workbench.swt.PartRenderingEngine$2.run(PartRenderingEngine.java:732)
	at org.eclipse.core.runtime.SafeRunner.run(SafeRunner.java:42)
	at org.eclipse.e4.ui.internal.workbench.swt.PartRenderingEngine.createGui(PartRenderingEngine.java:716)
	at org.eclipse.e4.ui.workbench.renderers.swt.StackRenderer.showTab(StackRenderer.java:1293)
	at org.eclipse.e4.ui.workbench.renderers.swt.LazyStackRenderer.postProcess(LazyStackRenderer.java:97)
	at org.eclipse.e4.ui.internal.workbench.swt.PartRenderingEngine.safeCreateGui(PartRenderingEngine.java:679)
	at org.eclipse.e4.ui.internal.workbench.swt.PartRenderingEngine.safeCreateGui(PartRenderingEngine.java:767)
	at org.eclipse.e4.ui.internal.workbench.swt.PartRenderingEngine.access$0(PartRenderingEngine.java:738)
	at org.eclipse.e4.ui.internal.workbench.swt.PartRenderingEngine$2.run(PartRenderingEngine.java:732)
	at org.eclipse.core.runtime.SafeRunner.run(SafeRunner.java:42)
	at org.eclipse.e4.ui.internal.workbench.swt.PartRenderingEngine.createGui(PartRenderingEngine.java:716)
	at org.eclipse.e4.ui.workbench.renderers.swt.SWTPartRenderer.processContents(SWTPartRenderer.java:69)
	at org.eclipse.e4.ui.workbench.renderers.swt.SashRenderer.processContents(SashRenderer.java:137)
	at org.eclipse.e4.ui.internal.workbench.swt.PartRenderingEngine.safeCreateGui(PartRenderingEngine.java:675)
	at org.eclipse.e4.ui.internal.workbench.swt.PartRenderingEngine.safeCreateGui(PartRenderingEngine.java:767)
	at org.eclipse.e4.ui.internal.workbench.swt.PartRenderingEngine.access$0(PartRenderingEngine.java:738)
	at org.eclipse.e4.ui.internal.workbench.swt.PartRenderingEngine$2.run(PartRenderingEngine.java:732)
	at org.eclipse.core.runtime.SafeRunner.run(SafeRunner.java:42)
	at org.eclipse.e4.ui.internal.workbench.swt.PartRenderingEngine.createGui(PartRenderingEngine.java:716)
	at org.eclipse.e4.ui.workbench.renderers.swt.SWTPartRenderer.processContents(SWTPartRenderer.java:69)
	at org.eclipse.e4.ui.workbench.renderers.swt.PerspectiveRenderer.processContents(PerspectiveRenderer.java:49)
	at org.eclipse.e4.ui.internal.workbench.swt.PartRenderingEngine.safeCreateGui(PartRenderingEngine.java:675)
	at org.eclipse.e4.ui.internal.workbench.swt.PartRenderingEngine.safeCreateGui(PartRenderingEngine.java:767)
	at org.eclipse.e4.ui.internal.workbench.swt.PartRenderingEngine.access$0(PartRenderingEngine.java:738)
	at org.eclipse.e4.ui.internal.workbench.swt.PartRenderingEngine$2.run(PartRenderingEngine.java:732)
	at org.eclipse.core.runtime.SafeRunner.run(SafeRunner.java:42)
	at org.eclipse.e4.ui.internal.workbench.swt.PartRenderingEngine.createGui(PartRenderingEngine.java:716)
	at org.eclipse.e4.ui.workbench.renderers.swt.PerspectiveStackRenderer.showTab(PerspectiveStackRenderer.java:79)
	at org.eclipse.e4.ui.workbench.renderers.swt.LazyStackRenderer.postProcess(LazyStackRenderer.java:97)
	at org.eclipse.e4.ui.workbench.renderers.swt.PerspectiveStackRenderer.postProcess(PerspectiveStackRenderer.java:61)
	at org.eclipse.e4.ui.internal.workbench.swt.PartRenderingEngine.safeCreateGui(PartRenderingEngine.java:679)
	at org.eclipse.e4.ui.internal.workbench.swt.PartRenderingEngine.safeCreateGui(PartRenderingEngine.java:767)
	at org.eclipse.e4.ui.internal.workbench.swt.PartRenderingEngine.access$0(PartRenderingEngine.java:738)
	at org.eclipse.e4.ui.internal.workbench.swt.PartRenderingEngine$2.run(PartRenderingEngine.java:732)
	at org.eclipse.core.runtime.SafeRunner.run(SafeRunner.java:42)
	at org.eclipse.e4.ui.internal.workbench.swt.PartRenderingEngine.createGui(PartRenderingEngine.java:716)
	at org.eclipse.e4.ui.workbench.renderers.swt.SWTPartRenderer.processContents(SWTPartRenderer.java:69)
	at org.eclipse.e4.ui.workbench.renderers.swt.SashRenderer.processContents(SashRenderer.java:137)
	at org.eclipse.e4.ui.internal.workbench.swt.PartRenderingEngine.safeCreateGui(PartRenderingEngine.java:675)
	at org.eclipse.e4.ui.internal.workbench.swt.PartRenderingEngine.safeCreateGui(PartRenderingEngine.java:767)
	at org.eclipse.e4.ui.internal.workbench.swt.PartRenderingEngine.access$0(PartRenderingEngine.java:738)
	at org.eclipse.e4.ui.internal.workbench.swt.PartRenderingEngine$2.run(PartRenderingEngine.java:732)
	at org.eclipse.core.runtime.SafeRunner.run(SafeRunner.java:42)
	at org.eclipse.e4.ui.internal.workbench.swt.PartRenderingEngine.createGui(PartRenderingEngine.java:716)
	at org.eclipse.e4.ui.workbench.renderers.swt.SWTPartRenderer.processContents(SWTPartRenderer.java:69)
	at org.eclipse.e4.ui.workbench.renderers.swt.WBWRenderer.processContents(WBWRenderer.java:704)
	at org.eclipse.e4.ui.internal.workbench.swt.PartRenderingEngine.safeCreateGui(PartRenderingEngine.java:675)
	at org.eclipse.e4.ui.internal.workbench.swt.PartRenderingEngine.safeCreateGui(PartRenderingEngine.java:767)
	at org.eclipse.e4.ui.internal.workbench.swt.PartRenderingEngine.access$0(PartRenderingEngine.java:738)
	at org.eclipse.e4.ui.internal.workbench.swt.PartRenderingEngine$2.run(PartRenderingEngine.java:732)
	at org.eclipse.core.runtime.SafeRunner.run(SafeRunner.java:42)
	at org.eclipse.e4.ui.internal.workbench.swt.PartRenderingEngine.createGui(PartRenderingEngine.java:716)
	at org.eclipse.e4.ui.internal.workbench.swt.PartRenderingEngine$5.run(PartRenderingEngine.java:1076)
	at org.eclipse.core.databinding.observable.Realm.runWithDefault(Realm.java:336)
	at org.eclipse.e4.ui.internal.workbench.swt.PartRenderingEngine.run(PartRenderingEngine.java:1039)
	at org.eclipse.e4.ui.internal.workbench.E4Workbench.createAndRunUI(E4Workbench.java:153)
	at org.eclipse.ui.internal.Workbench.lambda$3(Workbench.java:680)
	at org.eclipse.core.databinding.observable.Realm.runWithDefault(Realm.java:336)
	at org.eclipse.ui.internal.Workbench.createAndRunWorkbench(Workbench.java:594)
	at org.eclipse.ui.PlatformUI.createAndRunWorkbench(PlatformUI.java:148)
	at org.eclipse.ui.internal.ide.application.IDEApplication.start(IDEApplication.java:151)
	at org.eclipse.equinox.internal.app.EclipseAppHandle.run(EclipseAppHandle.java:196)
	at org.eclipse.core.runtime.internal.adaptor.EclipseAppLauncher.runApplication(EclipseAppLauncher.java:134)
	at org.eclipse.core.runtime.internal.adaptor.EclipseAppLauncher.start(EclipseAppLauncher.java:104)
	at org.eclipse.core.runtime.adaptor.EclipseStarter.run(EclipseStarter.java:388)
	at org.eclipse.core.runtime.adaptor.EclipseStarter.run(EclipseStarter.java:243)
	at sun.reflect.NativeMethodAccessorImpl.invoke0(Native Method)
	at sun.reflect.NativeMethodAccessorImpl.invoke(NativeMethodAccessorImpl.java:62)
	at sun.reflect.DelegatingMethodAccessorImpl.invoke(DelegatingMethodAccessorImpl.java:43)
	at java.lang.reflect.Method.invoke(Method.java:498)
	at org.eclipse.equinox.launcher.Main.invokeFramework(Main.java:653)
	at org.eclipse.equinox.launcher.Main.basicRun(Main.java:590)
	at org.eclipse.equinox.launcher.Main.run(Main.java:1499)
	at org.eclipse.equinox.launcher.Main.main(Main.java:1472)
Caused by: com.cedarsoftware.util.io.JsonIoException: EOF reached prematurely
	at com.cedarsoftware.util.io.JsonParser.error(JsonParser.java:584)
	at com.cedarsoftware.util.io.JsonParser.readValue(JsonParser.java:278)
	at com.cedarsoftware.util.io.JsonReader.readObject(JsonReader.java:521)
	... 152 more
2018-01-21 21:53:11,863  WARN [org.eclipse.jface.text.reconciler.MonoReconciler] - ScalaProject - Project LearningScala has platform default sourceLevel.
2018-01-21 21:53:11,865  WARN [org.eclipse.jface.text.reconciler.MonoReconciler] - ScalaProject - Project LearningScala runs on platform default installation.
2018-01-21 21:53:11,918  WARN [org.eclipse.jface.text.reconciler.MonoReconciler] - ScalaProject - Project LearningScala has platform default sourceLevel.
2018-01-21 21:53:11,919  WARN [org.eclipse.jface.text.reconciler.MonoReconciler] - ScalaProject - Project LearningScala runs on platform default installation.
2018-01-21 21:55:36,639  WARN [Worker-2] - ScalaProject - Project LearningScala has platform default sourceLevel.
2018-01-21 21:55:36,639  WARN [Worker-2] - ScalaProject - Project LearningScala runs on platform default installation.
2018-01-21 21:55:36,734  WARN [Worker-2] - ScalaProject - Project LearningScala has platform default sourceLevel.
2018-01-21 21:55:36,734  WARN [Worker-2] - ScalaProject - Project LearningScala runs on platform default installation.
2018-01-21 22:04:12,437  WARN [Worker-3] - ScalaProject - Project LearningScala has platform default sourceLevel.
2018-01-21 22:04:12,438  WARN [Worker-3] - ScalaProject - Project LearningScala runs on platform default installation.
2018-01-21 22:04:16,529  WARN [Worker-10] - ScalaProject - Project LearningScala has platform default sourceLevel.
2018-01-21 22:04:16,529  WARN [Worker-10] - ScalaProject - Project LearningScala runs on platform default installation.
2018-01-21 22:08:52,151 ERROR [Text Viewer Hover Presenter] - IScalaPresentationCompiler$ - Ignoring InterruptException
2018-01-21 22:08:52,151 ERROR [Text Viewer Hover Presenter] - IScalaPresentationCompiler$ - Ignoring InterruptException
2018-01-21 22:08:52,151 ERROR [Text Viewer Hover Presenter] - IScalaPresentationCompiler$ - Ignoring InterruptException
2018-01-21 22:09:51,954  WARN [Worker-14] - ScalaProject - Project LearningScala has platform default sourceLevel.
2018-01-21 22:09:51,954  WARN [Worker-14] - ScalaProject - Project LearningScala runs on platform default installation.
2018-01-21 22:09:53,705  WARN [Worker-3] - ScalaProject - Project LearningScala has platform default sourceLevel.
2018-01-21 22:09:53,705  WARN [Worker-3] - ScalaProject - Project LearningScala runs on platform default installation.
2018-01-21 22:10:54,649  WARN [Worker-5] - ScalaProject - Project LearningScala has platform default sourceLevel.
2018-01-21 22:10:54,649  WARN [Worker-5] - ScalaProject - Project LearningScala runs on platform default installation.
2018-01-21 22:10:56,341  WARN [Worker-5] - ScalaProject - Project LearningScala has platform default sourceLevel.
2018-01-21 22:10:56,342  WARN [Worker-5] - ScalaProject - Project LearningScala runs on platform default installation.
2018-01-21 22:11:18,099  WARN [Worker-15] - ScalaProject - Project LearningScala has platform default sourceLevel.
2018-01-21 22:11:18,099  WARN [Worker-15] - ScalaProject - Project LearningScala runs on platform default installation.
2018-01-21 22:11:19,955  WARN [Worker-14] - ScalaProject - Project LearningScala has platform default sourceLevel.
2018-01-21 22:11:19,955  WARN [Worker-14] - ScalaProject - Project LearningScala runs on platform default installation.
2018-01-21 22:11:45,627  WARN [Worker-14] - ScalaProject - Project LearningScala has platform default sourceLevel.
2018-01-21 22:11:45,628  WARN [Worker-14] - ScalaProject - Project LearningScala runs on platform default installation.
2018-01-21 22:11:47,381  WARN [Worker-14] - ScalaProject - Project LearningScala has platform default sourceLevel.
2018-01-21 22:11:47,381  WARN [Worker-14] - ScalaProject - Project LearningScala runs on platform default installation.
2018-01-21 22:12:14,510  WARN [Worker-15] - ScalaProject - Project LearningScala has platform default sourceLevel.
2018-01-21 22:12:14,510  WARN [Worker-15] - ScalaProject - Project LearningScala runs on platform default installation.
2018-01-21 22:12:16,268  WARN [Worker-3] - ScalaProject - Project LearningScala has platform default sourceLevel.
2018-01-21 22:12:16,268  WARN [Worker-3] - ScalaProject - Project LearningScala runs on platform default installation.
2018-01-21 22:12:36,058  WARN [Worker-14] - ScalaProject - Project LearningScala has platform default sourceLevel.
2018-01-21 22:12:36,058  WARN [Worker-14] - ScalaProject - Project LearningScala runs on platform default installation.
2018-01-21 22:12:37,627  WARN [Worker-14] - ScalaProject - Project LearningScala has platform default sourceLevel.
2018-01-21 22:12:37,627  WARN [Worker-14] - ScalaProject - Project LearningScala runs on platform default installation.
2018-01-21 22:12:44,601  WARN [Worker-14] - ScalaProject - Project LearningScala has platform default sourceLevel.
2018-01-21 22:12:44,601  WARN [Worker-14] - ScalaProject - Project LearningScala runs on platform default installation.
2018-01-21 22:12:46,166  WARN [Worker-15] - ScalaProject - Project LearningScala has platform default sourceLevel.
2018-01-21 22:12:46,166  WARN [Worker-15] - ScalaProject - Project LearningScala runs on platform default installation.
2018-01-21 22:19:19,666  WARN [Worker-17] - ScalaProject - Project LearningScala has platform default sourceLevel.
2018-01-21 22:19:19,666  WARN [Worker-17] - ScalaProject - Project LearningScala runs on platform default installation.
2018-01-21 22:19:21,232  WARN [Worker-17] - ScalaProject - Project LearningScala has platform default sourceLevel.
2018-01-21 22:19:21,232  WARN [Worker-17] - ScalaProject - Project LearningScala runs on platform default installation.
2018-01-21 22:19:36,319  WARN [Worker-14] - ScalaProject - Project LearningScala has platform default sourceLevel.
2018-01-21 22:19:36,319  WARN [Worker-14] - ScalaProject - Project LearningScala runs on platform default installation.
2018-01-21 22:19:38,108  WARN [Worker-19] - ScalaProject - Project LearningScala has platform default sourceLevel.
2018-01-21 22:19:38,109  WARN [Worker-19] - ScalaProject - Project LearningScala runs on platform default installation.
2018-01-21 22:23:10,829  WARN [Worker-19] - ScalaProject - Project LearningScala has platform default sourceLevel.
2018-01-21 22:23:10,830  WARN [Worker-19] - ScalaProject - Project LearningScala runs on platform default installation.
2018-01-21 22:23:12,572  WARN [Worker-19] - ScalaProject - Project LearningScala has platform default sourceLevel.
2018-01-21 22:23:12,572  WARN [Worker-19] - ScalaProject - Project LearningScala runs on platform default installation.
2018-01-21 22:24:53,011  WARN [Worker-20] - ScalaProject - Project LearningScala has platform default sourceLevel.
2018-01-21 22:24:53,012  WARN [Worker-20] - ScalaProject - Project LearningScala runs on platform default installation.
2018-01-21 22:24:54,686  WARN [Worker-20] - ScalaProject - Project LearningScala has platform default sourceLevel.
2018-01-21 22:24:54,686  WARN [Worker-20] - ScalaProject - Project LearningScala runs on platform default installation.
2018-01-21 22:25:18,270  WARN [Worker-17] - ScalaProject - Project LearningScala has platform default sourceLevel.
2018-01-21 22:25:18,270  WARN [Worker-17] - ScalaProject - Project LearningScala runs on platform default installation.
2018-01-21 22:25:19,965  WARN [Worker-20] - ScalaProject - Project LearningScala has platform default sourceLevel.
2018-01-21 22:25:19,965  WARN [Worker-20] - ScalaProject - Project LearningScala runs on platform default installation.
2018-01-21 22:25:29,067  WARN [Worker-20] - ScalaProject - Project LearningScala has platform default sourceLevel.
2018-01-21 22:25:29,067  WARN [Worker-20] - ScalaProject - Project LearningScala runs on platform default installation.
2018-01-21 22:25:30,736  WARN [Worker-20] - ScalaProject - Project LearningScala has platform default sourceLevel.
2018-01-21 22:25:30,736  WARN [Worker-20] - ScalaProject - Project LearningScala runs on platform default installation.
2018-01-21 22:26:49,675  WARN [Worker-20] - ScalaProject - Project LearningScala has platform default sourceLevel.
2018-01-21 22:26:49,675  WARN [Worker-20] - ScalaProject - Project LearningScala runs on platform default installation.
2018-01-21 22:26:51,347  WARN [Worker-21] - ScalaProject - Project LearningScala has platform default sourceLevel.
2018-01-21 22:26:51,348  WARN [Worker-21] - ScalaProject - Project LearningScala runs on platform default installation.
2018-01-21 22:27:42,555  WARN [Worker-20] - ScalaProject - Project LearningScala has platform default sourceLevel.
2018-01-21 22:27:42,555  WARN [Worker-20] - ScalaProject - Project LearningScala runs on platform default installation.
2018-01-21 22:27:44,325  WARN [Worker-22] - ScalaProject - Project LearningScala has platform default sourceLevel.
2018-01-21 22:27:44,325  WARN [Worker-22] - ScalaProject - Project LearningScala runs on platform default installation.
2018-01-21 22:28:57,816  WARN [Worker-21] - ScalaProject - Project LearningScala has platform default sourceLevel.
2018-01-21 22:28:57,817  WARN [Worker-21] - ScalaProject - Project LearningScala runs on platform default installation.
2018-01-21 22:29:10,058  WARN [Worker-17] - ScalaProject - Project LearningScala has platform default sourceLevel.
2018-01-21 22:29:10,059  WARN [Worker-17] - ScalaProject - Project LearningScala runs on platform default installation.
2018-01-21 22:29:17,576  WARN [Worker-20] - ScalaProject - Project LearningScala has platform default sourceLevel.
2018-01-21 22:29:17,576  WARN [Worker-20] - ScalaProject - Project LearningScala runs on platform default installation.
2018-01-21 22:29:19,278  WARN [Worker-22] - ScalaProject - Project LearningScala has platform default sourceLevel.
2018-01-21 22:29:19,278  WARN [Worker-22] - ScalaProject - Project LearningScala runs on platform default installation.
2018-01-21 22:29:38,432 ERROR [Text Viewer Hover Presenter] - IScalaPresentationCompiler$ - Ignoring InterruptException
2018-01-21 22:29:38,434 ERROR [Text Viewer Hover Presenter] - IScalaPresentationCompiler$ - Ignoring InterruptException
2018-01-21 22:29:38,435 ERROR [Text Viewer Hover Presenter] - IScalaPresentationCompiler$ - Ignoring InterruptException
2018-01-21 22:29:48,670  WARN [Worker-22] - ScalaProject - Project LearningScala has platform default sourceLevel.
2018-01-21 22:29:48,670  WARN [Worker-22] - ScalaProject - Project LearningScala runs on platform default installation.
2018-01-21 22:29:50,454  WARN [Worker-21] - ScalaProject - Project LearningScala has platform default sourceLevel.
2018-01-21 22:29:50,454  WARN [Worker-21] - ScalaProject - Project LearningScala runs on platform default installation.
2018-01-21 22:43:54,020  WARN [Worker-21] - ScalaProject - Project LearningScala has platform default sourceLevel.
2018-01-21 22:43:54,020  WARN [Worker-21] - ScalaProject - Project LearningScala runs on platform default installation.
2018-01-21 22:43:55,669  WARN [Worker-25] - ScalaProject - Project LearningScala has platform default sourceLevel.
2018-01-21 22:43:55,669  WARN [Worker-25] - ScalaProject - Project LearningScala runs on platform default installation.
2018-01-21 22:45:05,345  WARN [Worker-25] - ScalaProject - Project LearningScala has platform default sourceLevel.
2018-01-21 22:45:05,345  WARN [Worker-25] - ScalaProject - Project LearningScala runs on platform default installation.
2018-01-21 22:49:33,813 ERROR [Start Help Server] - System.err - log4j:WARN No appenders could be found for logger (org.eclipse.jetty.util.log).
2018-01-21 22:49:33,813 ERROR [Start Help Server] - System.err - log4j:WARN Please initialize the log4j system properly.
2018-01-21 22:50:31,444  WARN [Worker-25] - ScalaProject - Project LearningScala has platform default sourceLevel.
2018-01-21 22:50:31,444  WARN [Worker-25] - ScalaProject - Project LearningScala runs on platform default installation.
2018-01-21 22:55:00,824  WARN [Worker-26] - ScalaProject - Project LearningScala has platform default sourceLevel.
2018-01-21 22:55:00,825  WARN [Worker-26] - ScalaProject - Project LearningScala runs on platform default installation.
2018-01-21 22:55:02,506  WARN [Worker-27] - ScalaProject - Project LearningScala has platform default sourceLevel.
2018-01-21 22:55:02,507  WARN [Worker-27] - ScalaProject - Project LearningScala runs on platform default installation.
2018-01-21 22:55:45,333  WARN [Worker-21] - ScalaProject - Project LearningScala has platform default sourceLevel.
2018-01-21 22:55:45,333  WARN [Worker-21] - ScalaProject - Project LearningScala runs on platform default installation.
2018-01-21 22:55:47,016  WARN [Worker-28] - ScalaProject - Project LearningScala has platform default sourceLevel.
2018-01-21 22:55:47,016  WARN [Worker-28] - ScalaProject - Project LearningScala runs on platform default installation.
2018-01-21 22:56:40,587 ERROR [Text Viewer Hover Presenter] - IScalaPresentationCompiler$ - Ignoring InterruptException
2018-01-21 22:56:40,587 ERROR [Text Viewer Hover Presenter] - IScalaPresentationCompiler$ - Ignoring InterruptException
2018-01-21 22:56:40,588 ERROR [Text Viewer Hover Presenter] - IScalaPresentationCompiler$ - Ignoring InterruptException
2018-01-21 22:56:47,441  WARN [Worker-26] - ScalaProject - Project LearningScala has platform default sourceLevel.
2018-01-21 22:56:47,441  WARN [Worker-26] - ScalaProject - Project LearningScala runs on platform default installation.
2018-01-21 22:56:49,336  WARN [Worker-28] - ScalaProject - Project LearningScala has platform default sourceLevel.
2018-01-21 22:56:49,336  WARN [Worker-28] - ScalaProject - Project LearningScala runs on platform default installation.
2018-01-21 22:57:06,334  WARN [Worker-28] - ScalaProject - Project LearningScala has platform default sourceLevel.
2018-01-21 22:57:06,334  WARN [Worker-28] - ScalaProject - Project LearningScala runs on platform default installation.
2018-01-21 22:57:07,985  WARN [Worker-28] - ScalaProject - Project LearningScala has platform default sourceLevel.
2018-01-21 22:57:07,985  WARN [Worker-28] - ScalaProject - Project LearningScala runs on platform default installation.
2018-01-21 22:57:28,756  WARN [Worker-21] - ScalaProject - Project LearningScala has platform default sourceLevel.
2018-01-21 22:57:28,757  WARN [Worker-21] - ScalaProject - Project LearningScala runs on platform default installation.
2018-01-21 22:57:30,420  WARN [Worker-28] - ScalaProject - Project LearningScala has platform default sourceLevel.
2018-01-21 22:57:30,420  WARN [Worker-28] - ScalaProject - Project LearningScala runs on platform default installation.
2018-01-21 22:57:49,013  WARN [Worker-21] - ScalaProject - Project LearningScala has platform default sourceLevel.
2018-01-21 22:57:49,013  WARN [Worker-21] - ScalaProject - Project LearningScala runs on platform default installation.
2018-01-21 22:57:50,666  WARN [Worker-27] - ScalaProject - Project LearningScala has platform default sourceLevel.
2018-01-21 22:57:50,666  WARN [Worker-27] - ScalaProject - Project LearningScala runs on platform default installation.
2018-01-21 22:59:33,056 ERROR [Text Viewer Hover Presenter] - IScalaPresentationCompiler$ - Ignoring InterruptException
2018-01-21 22:59:33,057 ERROR [Text Viewer Hover Presenter] - IScalaPresentationCompiler$ - Ignoring InterruptException
2018-01-21 22:59:33,057 ERROR [Text Viewer Hover Presenter] - IScalaPresentationCompiler$ - Ignoring InterruptException
2018-01-21 22:59:33,057 ERROR [Text Viewer Hover Presenter] - IScalaPresentationCompiler$ - Ignoring InterruptException
2018-01-21 22:59:33,057 ERROR [Text Viewer Hover Presenter] - IScalaPresentationCompiler$ - Ignoring InterruptException
2018-01-21 22:59:47,280  WARN [Worker-26] - ScalaProject - Project LearningScala has platform default sourceLevel.
2018-01-21 22:59:47,281  WARN [Worker-26] - ScalaProject - Project LearningScala runs on platform default installation.
2018-01-21 22:59:48,924  WARN [Worker-29] - ScalaProject - Project LearningScala has platform default sourceLevel.
2018-01-21 22:59:48,925  WARN [Worker-29] - ScalaProject - Project LearningScala runs on platform default installation.
2018-01-21 23:00:28,789  WARN [Worker-30] - ScalaProject - Project LearningScala has platform default sourceLevel.
2018-01-21 23:00:28,789  WARN [Worker-30] - ScalaProject - Project LearningScala runs on platform default installation.
2018-01-21 23:00:30,469  WARN [Worker-29] - ScalaProject - Project LearningScala has platform default sourceLevel.
2018-01-21 23:00:30,469  WARN [Worker-29] - ScalaProject - Project LearningScala runs on platform default installation.
2018-01-21 23:01:38,513  WARN [Worker-30] - ScalaProject - Project LearningScala has platform default sourceLevel.
2018-01-21 23:01:38,514  WARN [Worker-30] - ScalaProject - Project LearningScala runs on platform default installation.
2018-01-21 23:01:40,218  WARN [Worker-26] - ScalaProject - Project LearningScala has platform default sourceLevel.
2018-01-21 23:01:40,218  WARN [Worker-26] - ScalaProject - Project LearningScala runs on platform default installation.
2018-01-25 21:56:17,285 ERROR [main] - Statistics - Statistics file `/home/raul/.scalaide/statistics` is corrupted. A new one is being created. Corrupted content was:

com.cedarsoftware.util.io.JsonIoException: error parsing JSON value
	at com.cedarsoftware.util.io.JsonReader.readObject(JsonReader.java:529)
	at com.cedarsoftware.util.io.JsonReader.jsonToJava(JsonReader.java:289)
	at com.cedarsoftware.util.io.JsonReader.jsonToJava(JsonReader.java:262)
	at org.scalaide.core.internal.statistics.Statistics.read(Statistics.scala:74)
	at org.scalaide.core.internal.statistics.Statistics.$anonfun$readStats$1(Statistics.scala:52)
	at org.scalaide.core.internal.statistics.Statistics.$anonfun$readStats$1$adapted(Statistics.scala:51)
	at org.scalaide.core.ScalaIdeDataStore$.$anonfun$validate$2(ScalaIdeDataStore.scala:59)
	at org.scalaide.util.eclipse.EclipseUtils$$anon$3.run(EclipseUtils.scala:230)
	at org.eclipse.core.runtime.SafeRunner.run(SafeRunner.java:42)
	at org.scalaide.util.eclipse.EclipseUtils$.withSafeRunner(EclipseUtils.scala:226)
	at org.scalaide.core.ScalaIdeDataStore$.validate(ScalaIdeDataStore.scala:59)
	at org.scalaide.core.internal.statistics.Statistics.readStats(Statistics.scala:51)
	at org.scalaide.core.internal.statistics.Statistics.<init>(Statistics.scala:30)
	at org.scalaide.core.internal.ScalaPlugin.stats$lzycompute(ScalaPlugin.scala:135)
	at org.scalaide.core.internal.ScalaPlugin.stats(ScalaPlugin.scala:135)
	at org.scalaide.core.internal.ScalaPlugin.statistics(ScalaPlugin.scala:138)
	at org.scalaide.core.internal.ScalaPlugin.start(ScalaPlugin.scala:109)
	at org.eclipse.osgi.internal.framework.BundleContextImpl$3.run(BundleContextImpl.java:779)
	at org.eclipse.osgi.internal.framework.BundleContextImpl$3.run(BundleContextImpl.java:1)
	at java.security.AccessController.doPrivileged(Native Method)
	at org.eclipse.osgi.internal.framework.BundleContextImpl.startActivator(BundleContextImpl.java:772)
	at org.eclipse.osgi.internal.framework.BundleContextImpl.start(BundleContextImpl.java:729)
	at org.eclipse.osgi.internal.framework.EquinoxBundle.startWorker0(EquinoxBundle.java:933)
	at org.eclipse.osgi.internal.framework.EquinoxBundle$EquinoxModule.startWorker(EquinoxBundle.java:309)
	at org.eclipse.osgi.container.Module.doStart(Module.java:581)
	at org.eclipse.osgi.container.Module.start(Module.java:449)
	at org.eclipse.osgi.framework.util.SecureAction.start(SecureAction.java:468)
	at org.eclipse.osgi.internal.hooks.EclipseLazyStarter.postFindLocalClass(EclipseLazyStarter.java:103)
	at org.eclipse.osgi.internal.loader.classpath.ClasspathManager.findLocalClass(ClasspathManager.java:529)
	at org.eclipse.osgi.internal.loader.ModuleClassLoader.findLocalClass(ModuleClassLoader.java:328)
	at org.eclipse.osgi.internal.loader.BundleLoader.findLocalClass(BundleLoader.java:368)
	at org.eclipse.osgi.internal.loader.BundleLoader.findClassInternal(BundleLoader.java:446)
	at org.eclipse.osgi.internal.loader.BundleLoader.findClass(BundleLoader.java:395)
	at org.eclipse.osgi.internal.loader.BundleLoader.findClass(BundleLoader.java:387)
	at org.eclipse.osgi.internal.loader.ModuleClassLoader.loadClass(ModuleClassLoader.java:150)
	at java.lang.ClassLoader.loadClass(ClassLoader.java:357)
	at org.eclipse.osgi.internal.framework.EquinoxBundle.loadClass(EquinoxBundle.java:564)
	at org.eclipse.core.internal.registry.osgi.RegistryStrategyOSGI.createExecutableExtension(RegistryStrategyOSGI.java:174)
	at org.eclipse.core.internal.registry.ExtensionRegistry.createExecutableExtension(ExtensionRegistry.java:905)
	at org.eclipse.core.internal.registry.ConfigurationElement.createExecutableExtension(ConfigurationElement.java:243)
	at org.eclipse.core.internal.registry.ConfigurationElementHandle.createExecutableExtension(ConfigurationElementHandle.java:55)
	at org.eclipse.jdt.internal.ui.filters.FilterDescriptor$1.run(FilterDescriptor.java:135)
	at org.eclipse.core.runtime.SafeRunner.run(SafeRunner.java:42)
	at org.eclipse.jdt.internal.ui.filters.FilterDescriptor.createViewerFilter(FilterDescriptor.java:139)
	at org.eclipse.jdt.ui.actions.CustomFiltersActionGroup$FilterItem.getFilterInstance(CustomFiltersActionGroup.java:187)
	at org.eclipse.jdt.ui.actions.CustomFiltersActionGroup.updateViewerFilters(CustomFiltersActionGroup.java:517)
	at org.eclipse.jdt.ui.actions.CustomFiltersActionGroup.<init>(CustomFiltersActionGroup.java:275)
	at org.eclipse.jdt.ui.actions.CustomFiltersActionGroup.<init>(CustomFiltersActionGroup.java:241)
	at org.eclipse.jdt.internal.ui.packageview.PackageExplorerActionGroup.<init>(PackageExplorerActionGroup.java:149)
	at org.eclipse.jdt.internal.ui.packageview.PackageExplorerPart.makeActions(PackageExplorerPart.java:800)
	at org.eclipse.jdt.internal.ui.packageview.PackageExplorerPart.createPartControl(PackageExplorerPart.java:506)
	at org.eclipse.ui.internal.e4.compatibility.CompatibilityPart.createPartControl(CompatibilityPart.java:151)
	at org.eclipse.ui.internal.e4.compatibility.CompatibilityView.createPartControl(CompatibilityView.java:147)
	at org.eclipse.ui.internal.e4.compatibility.CompatibilityPart.create(CompatibilityPart.java:355)
	at sun.reflect.NativeMethodAccessorImpl.invoke0(Native Method)
	at sun.reflect.NativeMethodAccessorImpl.invoke(NativeMethodAccessorImpl.java:62)
	at sun.reflect.DelegatingMethodAccessorImpl.invoke(DelegatingMethodAccessorImpl.java:43)
	at java.lang.reflect.Method.invoke(Method.java:498)
	at org.eclipse.e4.core.internal.di.MethodRequestor.execute(MethodRequestor.java:55)
	at org.eclipse.e4.core.internal.di.InjectorImpl.processAnnotated(InjectorImpl.java:990)
	at org.eclipse.e4.core.internal.di.InjectorImpl.processAnnotated(InjectorImpl.java:955)
	at org.eclipse.e4.core.internal.di.InjectorImpl.inject(InjectorImpl.java:124)
	at org.eclipse.e4.core.internal.di.InjectorImpl.internalMake(InjectorImpl.java:399)
	at org.eclipse.e4.core.internal.di.InjectorImpl.make(InjectorImpl.java:318)
	at org.eclipse.e4.core.contexts.ContextInjectionFactory.make(ContextInjectionFactory.java:162)
	at org.eclipse.e4.ui.internal.workbench.ReflectionContributionFactory.createFromBundle(ReflectionContributionFactory.java:105)
	at org.eclipse.e4.ui.internal.workbench.ReflectionContributionFactory.doCreate(ReflectionContributionFactory.java:74)
	at org.eclipse.e4.ui.internal.workbench.ReflectionContributionFactory.create(ReflectionContributionFactory.java:56)
	at org.eclipse.e4.ui.workbench.renderers.swt.ContributedPartRenderer.createWidget(ContributedPartRenderer.java:129)
	at org.eclipse.e4.ui.internal.workbench.swt.PartRenderingEngine.createWidget(PartRenderingEngine.java:992)
	at org.eclipse.e4.ui.internal.workbench.swt.PartRenderingEngine.safeCreateGui(PartRenderingEngine.java:661)
	at org.eclipse.e4.ui.internal.workbench.swt.PartRenderingEngine$1.run(PartRenderingEngine.java:546)
	at org.eclipse.core.runtime.SafeRunner.run(SafeRunner.java:42)
	at org.eclipse.e4.ui.internal.workbench.swt.PartRenderingEngine.createGui(PartRenderingEngine.java:530)
	at org.eclipse.e4.ui.workbench.renderers.swt.ElementReferenceRenderer.createWidget(ElementReferenceRenderer.java:70)
	at org.eclipse.e4.ui.internal.workbench.swt.PartRenderingEngine.createWidget(PartRenderingEngine.java:992)
	at org.eclipse.e4.ui.internal.workbench.swt.PartRenderingEngine.safeCreateGui(PartRenderingEngine.java:661)
	at org.eclipse.e4.ui.internal.workbench.swt.PartRenderingEngine.safeCreateGui(PartRenderingEngine.java:767)
	at org.eclipse.e4.ui.internal.workbench.swt.PartRenderingEngine.access$0(PartRenderingEngine.java:738)
	at org.eclipse.e4.ui.internal.workbench.swt.PartRenderingEngine$2.run(PartRenderingEngine.java:732)
	at org.eclipse.core.runtime.SafeRunner.run(SafeRunner.java:42)
	at org.eclipse.e4.ui.internal.workbench.swt.PartRenderingEngine.createGui(PartRenderingEngine.java:716)
	at org.eclipse.e4.ui.workbench.renderers.swt.StackRenderer.showTab(StackRenderer.java:1293)
	at org.eclipse.e4.ui.workbench.renderers.swt.LazyStackRenderer.postProcess(LazyStackRenderer.java:97)
	at org.eclipse.e4.ui.internal.workbench.swt.PartRenderingEngine.safeCreateGui(PartRenderingEngine.java:679)
	at org.eclipse.e4.ui.internal.workbench.swt.PartRenderingEngine.safeCreateGui(PartRenderingEngine.java:767)
	at org.eclipse.e4.ui.internal.workbench.swt.PartRenderingEngine.access$0(PartRenderingEngine.java:738)
	at org.eclipse.e4.ui.internal.workbench.swt.PartRenderingEngine$2.run(PartRenderingEngine.java:732)
	at org.eclipse.core.runtime.SafeRunner.run(SafeRunner.java:42)
	at org.eclipse.e4.ui.internal.workbench.swt.PartRenderingEngine.createGui(PartRenderingEngine.java:716)
	at org.eclipse.e4.ui.workbench.renderers.swt.SWTPartRenderer.processContents(SWTPartRenderer.java:69)
	at org.eclipse.e4.ui.workbench.renderers.swt.SashRenderer.processContents(SashRenderer.java:137)
	at org.eclipse.e4.ui.internal.workbench.swt.PartRenderingEngine.safeCreateGui(PartRenderingEngine.java:675)
	at org.eclipse.e4.ui.internal.workbench.swt.PartRenderingEngine.safeCreateGui(PartRenderingEngine.java:767)
	at org.eclipse.e4.ui.internal.workbench.swt.PartRenderingEngine.access$0(PartRenderingEngine.java:738)
	at org.eclipse.e4.ui.internal.workbench.swt.PartRenderingEngine$2.run(PartRenderingEngine.java:732)
	at org.eclipse.core.runtime.SafeRunner.run(SafeRunner.java:42)
	at org.eclipse.e4.ui.internal.workbench.swt.PartRenderingEngine.createGui(PartRenderingEngine.java:716)
	at org.eclipse.e4.ui.workbench.renderers.swt.SWTPartRenderer.processContents(SWTPartRenderer.java:69)
	at org.eclipse.e4.ui.workbench.renderers.swt.PerspectiveRenderer.processContents(PerspectiveRenderer.java:49)
	at org.eclipse.e4.ui.internal.workbench.swt.PartRenderingEngine.safeCreateGui(PartRenderingEngine.java:675)
	at org.eclipse.e4.ui.internal.workbench.swt.PartRenderingEngine.safeCreateGui(PartRenderingEngine.java:767)
	at org.eclipse.e4.ui.internal.workbench.swt.PartRenderingEngine.access$0(PartRenderingEngine.java:738)
	at org.eclipse.e4.ui.internal.workbench.swt.PartRenderingEngine$2.run(PartRenderingEngine.java:732)
	at org.eclipse.core.runtime.SafeRunner.run(SafeRunner.java:42)
	at org.eclipse.e4.ui.internal.workbench.swt.PartRenderingEngine.createGui(PartRenderingEngine.java:716)
	at org.eclipse.e4.ui.workbench.renderers.swt.PerspectiveStackRenderer.showTab(PerspectiveStackRenderer.java:79)
	at org.eclipse.e4.ui.workbench.renderers.swt.LazyStackRenderer.postProcess(LazyStackRenderer.java:97)
	at org.eclipse.e4.ui.workbench.renderers.swt.PerspectiveStackRenderer.postProcess(PerspectiveStackRenderer.java:61)
	at org.eclipse.e4.ui.internal.workbench.swt.PartRenderingEngine.safeCreateGui(PartRenderingEngine.java:679)
	at org.eclipse.e4.ui.internal.workbench.swt.PartRenderingEngine.safeCreateGui(PartRenderingEngine.java:767)
	at org.eclipse.e4.ui.internal.workbench.swt.PartRenderingEngine.access$0(PartRenderingEngine.java:738)
	at org.eclipse.e4.ui.internal.workbench.swt.PartRenderingEngine$2.run(PartRenderingEngine.java:732)
	at org.eclipse.core.runtime.SafeRunner.run(SafeRunner.java:42)
	at org.eclipse.e4.ui.internal.workbench.swt.PartRenderingEngine.createGui(PartRenderingEngine.java:716)
	at org.eclipse.e4.ui.workbench.renderers.swt.SWTPartRenderer.processContents(SWTPartRenderer.java:69)
	at org.eclipse.e4.ui.workbench.renderers.swt.SashRenderer.processContents(SashRenderer.java:137)
	at org.eclipse.e4.ui.internal.workbench.swt.PartRenderingEngine.safeCreateGui(PartRenderingEngine.java:675)
	at org.eclipse.e4.ui.internal.workbench.swt.PartRenderingEngine.safeCreateGui(PartRenderingEngine.java:767)
	at org.eclipse.e4.ui.internal.workbench.swt.PartRenderingEngine.access$0(PartRenderingEngine.java:738)
	at org.eclipse.e4.ui.internal.workbench.swt.PartRenderingEngine$2.run(PartRenderingEngine.java:732)
	at org.eclipse.core.runtime.SafeRunner.run(SafeRunner.java:42)
	at org.eclipse.e4.ui.internal.workbench.swt.PartRenderingEngine.createGui(PartRenderingEngine.java:716)
	at org.eclipse.e4.ui.workbench.renderers.swt.SWTPartRenderer.processContents(SWTPartRenderer.java:69)
	at org.eclipse.e4.ui.workbench.renderers.swt.WBWRenderer.processContents(WBWRenderer.java:704)
	at org.eclipse.e4.ui.internal.workbench.swt.PartRenderingEngine.safeCreateGui(PartRenderingEngine.java:675)
	at org.eclipse.e4.ui.internal.workbench.swt.PartRenderingEngine.safeCreateGui(PartRenderingEngine.java:767)
	at org.eclipse.e4.ui.internal.workbench.swt.PartRenderingEngine.access$0(PartRenderingEngine.java:738)
	at org.eclipse.e4.ui.internal.workbench.swt.PartRenderingEngine$2.run(PartRenderingEngine.java:732)
	at org.eclipse.core.runtime.SafeRunner.run(SafeRunner.java:42)
	at org.eclipse.e4.ui.internal.workbench.swt.PartRenderingEngine.createGui(PartRenderingEngine.java:716)
	at org.eclipse.e4.ui.internal.workbench.swt.PartRenderingEngine$5.run(PartRenderingEngine.java:1076)
	at org.eclipse.core.databinding.observable.Realm.runWithDefault(Realm.java:336)
	at org.eclipse.e4.ui.internal.workbench.swt.PartRenderingEngine.run(PartRenderingEngine.java:1039)
	at org.eclipse.e4.ui.internal.workbench.E4Workbench.createAndRunUI(E4Workbench.java:153)
	at org.eclipse.ui.internal.Workbench.lambda$3(Workbench.java:680)
	at org.eclipse.core.databinding.observable.Realm.runWithDefault(Realm.java:336)
	at org.eclipse.ui.internal.Workbench.createAndRunWorkbench(Workbench.java:594)
	at org.eclipse.ui.PlatformUI.createAndRunWorkbench(PlatformUI.java:148)
	at org.eclipse.ui.internal.ide.application.IDEApplication.start(IDEApplication.java:151)
	at org.eclipse.equinox.internal.app.EclipseAppHandle.run(EclipseAppHandle.java:196)
	at org.eclipse.core.runtime.internal.adaptor.EclipseAppLauncher.runApplication(EclipseAppLauncher.java:134)
	at org.eclipse.core.runtime.internal.adaptor.EclipseAppLauncher.start(EclipseAppLauncher.java:104)
	at org.eclipse.core.runtime.adaptor.EclipseStarter.run(EclipseStarter.java:388)
	at org.eclipse.core.runtime.adaptor.EclipseStarter.run(EclipseStarter.java:243)
	at sun.reflect.NativeMethodAccessorImpl.invoke0(Native Method)
	at sun.reflect.NativeMethodAccessorImpl.invoke(NativeMethodAccessorImpl.java:62)
	at sun.reflect.DelegatingMethodAccessorImpl.invoke(DelegatingMethodAccessorImpl.java:43)
	at java.lang.reflect.Method.invoke(Method.java:498)
	at org.eclipse.equinox.launcher.Main.invokeFramework(Main.java:653)
	at org.eclipse.equinox.launcher.Main.basicRun(Main.java:590)
	at org.eclipse.equinox.launcher.Main.run(Main.java:1499)
	at org.eclipse.equinox.launcher.Main.main(Main.java:1472)
Caused by: com.cedarsoftware.util.io.JsonIoException: EOF reached prematurely
	at com.cedarsoftware.util.io.JsonParser.error(JsonParser.java:584)
	at com.cedarsoftware.util.io.JsonParser.readValue(JsonParser.java:278)
	at com.cedarsoftware.util.io.JsonReader.readObject(JsonReader.java:521)
	... 152 more
2018-01-25 21:56:20,808  WARN [org.eclipse.jface.text.reconciler.MonoReconciler] - ScalaProject - Project LearningScala has platform default sourceLevel.
2018-01-25 21:56:20,810  WARN [org.eclipse.jface.text.reconciler.MonoReconciler] - ScalaProject - Project LearningScala runs on platform default installation.
2018-01-25 21:56:20,834  WARN [org.eclipse.jface.text.reconciler.MonoReconciler] - ScalaProject - Project LearningScala has platform default sourceLevel.
2018-01-25 21:56:20,834  WARN [org.eclipse.jface.text.reconciler.MonoReconciler] - ScalaProject - Project LearningScala runs on platform default installation.
2018-01-25 22:29:18,468  WARN [Worker-23] - ScalaProject - Project LearningScala has platform default sourceLevel.
2018-01-25 22:29:18,471  WARN [Worker-23] - ScalaProject - Project LearningScala runs on platform default installation.
2018-01-25 22:29:18,647  WARN [Worker-23] - ScalaProject - Project LearningScala has platform default sourceLevel.
2018-01-25 22:29:18,647  WARN [Worker-23] - ScalaProject - Project LearningScala runs on platform default installation.
2018-01-25 22:29:25,004  WARN [Worker-23] - ScalaProject - Project LearningScala has platform default sourceLevel.
2018-01-25 22:29:25,005  WARN [Worker-23] - ScalaProject - Project LearningScala runs on platform default installation.
2018-01-25 22:34:31,550  WARN [Worker-22] - ScalaProject - Project LearningScala has platform default sourceLevel.
2018-01-25 22:34:31,550  WARN [Worker-22] - ScalaProject - Project LearningScala runs on platform default installation.
2018-01-25 22:34:34,753  WARN [Worker-18] - ScalaProject - Project LearningScala has platform default sourceLevel.
2018-01-25 22:34:34,754  WARN [Worker-18] - ScalaProject - Project LearningScala runs on platform default installation.
2018-01-25 22:46:00,668  WARN [Worker-18] - ScalaProject - Project LearningScala has platform default sourceLevel.
2018-01-25 22:46:00,668  WARN [Worker-18] - ScalaProject - Project LearningScala runs on platform default installation.
2018-01-25 22:47:40,949  WARN [Worker-25] - ScalaProject - Project LearningScala has platform default sourceLevel.
2018-01-25 22:47:40,951  WARN [Worker-25] - ScalaProject - Project LearningScala runs on platform default installation.
2018-01-25 22:47:43,046  WARN [Worker-25] - ScalaProject - Project LearningScala has platform default sourceLevel.
2018-01-25 22:47:43,046  WARN [Worker-25] - ScalaProject - Project LearningScala runs on platform default installation.
2018-01-25 22:48:21,855  WARN [Worker-25] - ScalaProject - Project LearningScala has platform default sourceLevel.
2018-01-25 22:48:21,855  WARN [Worker-25] - ScalaProject - Project LearningScala runs on platform default installation.
2018-01-25 22:48:23,911  WARN [Worker-25] - ScalaProject - Project LearningScala has platform default sourceLevel.
2018-01-25 22:48:23,911  WARN [Worker-25] - ScalaProject - Project LearningScala runs on platform default installation.
2018-01-25 22:49:43,722  WARN [Worker-25] - ScalaProject - Project LearningScala has platform default sourceLevel.
2018-01-25 22:49:43,722  WARN [Worker-25] - ScalaProject - Project LearningScala runs on platform default installation.
2018-01-25 22:49:45,626  WARN [Worker-25] - ScalaProject - Project LearningScala has platform default sourceLevel.
2018-01-25 22:49:45,627  WARN [Worker-25] - ScalaProject - Project LearningScala runs on platform default installation.
2018-01-25 22:50:21,353  WARN [Worker-18] - ScalaProject - Project LearningScala has platform default sourceLevel.
2018-01-25 22:50:21,353  WARN [Worker-18] - ScalaProject - Project LearningScala runs on platform default installation.
2018-01-25 22:51:04,448  WARN [Worker-27] - ScalaProject - Project LearningScala has platform default sourceLevel.
2018-01-25 22:51:04,448  WARN [Worker-27] - ScalaProject - Project LearningScala runs on platform default installation.
2018-01-25 22:51:06,353  WARN [Worker-18] - ScalaProject - Project LearningScala has platform default sourceLevel.
2018-01-25 22:51:06,353  WARN [Worker-18] - ScalaProject - Project LearningScala runs on platform default installation.
